<?xml version="1.0" encoding="UTF-8" ?>
<testsuite errors="49" failures="0" hostname="Julio-PC" name="es.unileon.prg1.candyClean.AllTests" skipped="0" tests="59" time="0.223" timestamp="2020-01-29T11:14:18">
  <properties>
[...]
</properties>
  <testcase classname="es.unileon.prg1.candyClean.CandyCleanTest" name="CandyCleanTest" time="0.018">
    <error message="org/apache/logging/log4j/LogManager" type="java.lang.NoClassDefFoundError">java.lang.NoClassDefFoundError: org/apache/logging/log4j/LogManager
	at es.unileon.prg1.candyClean.CandyClean.&lt;clinit&gt;(Unknown Source)
	at es.unileon.prg1.candyClean.CandyCleanTest.setUp(Unknown Source)
Caused by: java.lang.ClassNotFoundException: org.apache.logging.log4j.LogManager
	at java.net.URLClassLoader.findClass(URLClassLoader.java:382)
	at java.lang.ClassLoader.loadClass(ClassLoader.java:424)
	at sun.misc.Launcher$AppClassLoader.loadClass(Launcher.java:349)
	at java.lang.ClassLoader.loadClass(ClassLoader.java:357)
</error>
  </testcase>
  <testcase classname="es.unileon.prg1.candyClean.CandyCleanTest" name="ComprobarDimensionTest" time="0.0">
    <error message="Could not initialize class es.unileon.prg1.candyClean.CandyClean" type="java.lang.NoClassDefFoundError">java.lang.NoClassDefFoundError: Could not initialize class es.unileon.prg1.candyClean.CandyClean
	at es.unileon.prg1.candyClean.CandyCleanTest.setUp(Unknown Source)
</error>
  </testcase>
  <testcase classname="es.unileon.prg1.candyClean.CandyCleanTest" name="ComprobarDimensionTest1" time="0.001">
    <error message="Could not initialize class es.unileon.prg1.candyClean.CandyClean" type="java.lang.NoClassDefFoundError">java.lang.NoClassDefFoundError: Could not initialize class es.unileon.prg1.candyClean.CandyClean
	at es.unileon.prg1.candyClean.CandyCleanTest.setUp(Unknown Source)
</error>
  </testcase>
  <testcase classname="es.unileon.prg1.candyClean.CandyCleanTest" name="noHasGanadoTest" time="0.001">
    <error message="Could not initialize class es.unileon.prg1.candyClean.CandyClean" type="java.lang.NoClassDefFoundError">java.lang.NoClassDefFoundError: Could not initialize class es.unileon.prg1.candyClean.CandyClean
	at es.unileon.prg1.candyClean.CandyCleanTest.setUp(Unknown Source)
</error>
  </testcase>
  <testcase classname="es.unileon.prg1.candyClean.CandyCleanTest" name="comprobarColorTest" time="0.0">
    <error message="Could not initialize class es.unileon.prg1.candyClean.CandyClean" type="java.lang.NoClassDefFoundError">java.lang.NoClassDefFoundError: Could not initialize class es.unileon.prg1.candyClean.CandyClean
	at es.unileon.prg1.candyClean.CandyCleanTest.setUp(Unknown Source)
</error>
  </testcase>
  <testcase classname="es.unileon.prg1.candyClean.CandyCleanTest" name="comprobarColorTest1" time="0.001">
    <error message="Could not initialize class es.unileon.prg1.candyClean.CandyClean" type="java.lang.NoClassDefFoundError">java.lang.NoClassDefFoundError: Could not initialize class es.unileon.prg1.candyClean.CandyClean
	at es.unileon.prg1.candyClean.CandyCleanTest.setUp(Unknown Source)
</error>
  </testcase>
  <testcase classname="es.unileon.prg1.candyClean.CandyCleanTest" name="comprobarColorTest2" time="0.001">
    <error message="Could not initialize class es.unileon.prg1.candyClean.CandyClean" type="java.lang.NoClassDefFoundError">java.lang.NoClassDefFoundError: Could not initialize class es.unileon.prg1.candyClean.CandyClean
	at es.unileon.prg1.candyClean.CandyCleanTest.setUp(Unknown Source)
</error>
  </testcase>
  <testcase classname="es.unileon.prg1.candyClean.CandyCleanTest" name="comprobarColoresTestException" time="0.004">
    <error message="Could not initialize class es.unileon.prg1.candyClean.CandyClean" type="java.lang.NoClassDefFoundError">java.lang.NoClassDefFoundError: Could not initialize class es.unileon.prg1.candyClean.CandyClean
	at es.unileon.prg1.candyClean.CandyCleanTest.setUp(Unknown Source)
</error>
  </testcase>
  <testcase classname="es.unileon.prg1.candyClean.CandyCleanTest" name="comprobarColoresTestException1" time="0.001">
    <error message="Could not initialize class es.unileon.prg1.candyClean.CandyClean" type="java.lang.NoClassDefFoundError">java.lang.NoClassDefFoundError: Could not initialize class es.unileon.prg1.candyClean.CandyClean
	at es.unileon.prg1.candyClean.CandyCleanTest.setUp(Unknown Source)
</error>
  </testcase>
  <testcase classname="es.unileon.prg1.candyClean.CandyCleanTest" name="comprobarColoresTestException2" time="0.001">
    <error message="Could not initialize class es.unileon.prg1.candyClean.CandyClean" type="java.lang.NoClassDefFoundError">java.lang.NoClassDefFoundError: Could not initialize class es.unileon.prg1.candyClean.CandyClean
	at es.unileon.prg1.candyClean.CandyCleanTest.setUp(Unknown Source)
</error>
  </testcase>
  <testcase classname="es.unileon.prg1.candyClean.CandyCleanTest" name="comprobarColoresTestException3" time="0.0">
    <error message="Could not initialize class es.unileon.prg1.candyClean.CandyClean" type="java.lang.NoClassDefFoundError">java.lang.NoClassDefFoundError: Could not initialize class es.unileon.prg1.candyClean.CandyClean
	at es.unileon.prg1.candyClean.CandyCleanTest.setUp(Unknown Source)
</error>
  </testcase>
  <testcase classname="es.unileon.prg1.candyClean.CandyCleanTest" name="comprobarDimensionTestException" time="0.001">
    <error message="Could not initialize class es.unileon.prg1.candyClean.CandyClean" type="java.lang.NoClassDefFoundError">java.lang.NoClassDefFoundError: Could not initialize class es.unileon.prg1.candyClean.CandyClean
	at es.unileon.prg1.candyClean.CandyCleanTest.setUp(Unknown Source)
</error>
  </testcase>
  <testcase classname="es.unileon.prg1.candyClean.CandyCleanTest" name="toStringTest" time="0.001">
    <error message="Could not initialize class es.unileon.prg1.candyClean.CandyClean" type="java.lang.NoClassDefFoundError">java.lang.NoClassDefFoundError: Could not initialize class es.unileon.prg1.candyClean.CandyClean
	at es.unileon.prg1.candyClean.CandyCleanTest.setUp(Unknown Source)
</error>
  </testcase>
  <testcase classname="es.unileon.prg1.candyClean.TableroTest" name="comprobarColorTest" time="0.003">
    <error message="org/apache/logging/log4j/LogManager" type="java.lang.NoClassDefFoundError">java.lang.NoClassDefFoundError: org/apache/logging/log4j/LogManager
	at es.unileon.prg1.candyClean.Tablero.&lt;clinit&gt;(Unknown Source)
	at es.unileon.prg1.candyClean.TableroTest.setUp(Unknown Source)
Caused by: java.lang.ClassNotFoundException: org.apache.logging.log4j.LogManager
	at java.net.URLClassLoader.findClass(URLClassLoader.java:382)
	at java.lang.ClassLoader.loadClass(ClassLoader.java:424)
	at sun.misc.Launcher$AppClassLoader.loadClass(Launcher.java:349)
	at java.lang.ClassLoader.loadClass(ClassLoader.java:357)
</error>
  </testcase>
  <testcase classname="es.unileon.prg1.candyClean.TableroTest" name="toStringTest" time="0.001">
    <error message="Could not initialize class es.unileon.prg1.candyClean.Tablero" type="java.lang.NoClassDefFoundError">java.lang.NoClassDefFoundError: Could not initialize class es.unileon.prg1.candyClean.Tablero
	at es.unileon.prg1.candyClean.TableroTest.setUp(Unknown Source)
</error>
  </testcase>
  <testcase classname="es.unileon.prg1.candyClean.TableroTest" name="generarTableroTest" time="0.001">
    <error message="Could not initialize class es.unileon.prg1.candyClean.Tablero" type="java.lang.NoClassDefFoundError">java.lang.NoClassDefFoundError: Could not initialize class es.unileon.prg1.candyClean.Tablero
	at es.unileon.prg1.candyClean.TableroTest.setUp(Unknown Source)
</error>
  </testcase>
  <testcase classname="es.unileon.prg1.candyClean.TableroTest" name="generarColoresAleatoriosTest" time="0.001">
    <error message="Could not initialize class es.unileon.prg1.candyClean.Tablero" type="java.lang.NoClassDefFoundError">java.lang.NoClassDefFoundError: Could not initialize class es.unileon.prg1.candyClean.Tablero
	at es.unileon.prg1.candyClean.TableroTest.setUp(Unknown Source)
</error>
  </testcase>
  <testcase classname="es.unileon.prg1.candyClean.TableroTest" name="comprobarCombinacionExcepcion" time="0.0">
    <error message="Could not initialize class es.unileon.prg1.candyClean.Tablero" type="java.lang.NoClassDefFoundError">java.lang.NoClassDefFoundError: Could not initialize class es.unileon.prg1.candyClean.Tablero
	at es.unileon.prg1.candyClean.TableroTest.setUp(Unknown Source)
</error>
  </testcase>
  <testcase classname="es.unileon.prg1.candyClean.TableroTest" name="comprobarCombinacionExcepcion1" time="0.0">
    <error message="Could not initialize class es.unileon.prg1.candyClean.Tablero" type="java.lang.NoClassDefFoundError">java.lang.NoClassDefFoundError: Could not initialize class es.unileon.prg1.candyClean.Tablero
	at es.unileon.prg1.candyClean.TableroTest.setUp(Unknown Source)
</error>
  </testcase>
  <testcase classname="es.unileon.prg1.candyClean.TableroTest" name="comprobarCombinacionExcepcion2" time="0.001">
    <error message="Could not initialize class es.unileon.prg1.candyClean.Tablero" type="java.lang.NoClassDefFoundError">java.lang.NoClassDefFoundError: Could not initialize class es.unileon.prg1.candyClean.Tablero
	at es.unileon.prg1.candyClean.TableroTest.setUp(Unknown Source)
</error>
  </testcase>
  <testcase classname="es.unileon.prg1.candyClean.TableroTest" name="comprobarCombinacionExcepcion3" time="0.001">
    <error message="Could not initialize class es.unileon.prg1.candyClean.Tablero" type="java.lang.NoClassDefFoundError">java.lang.NoClassDefFoundError: Could not initialize class es.unileon.prg1.candyClean.Tablero
	at es.unileon.prg1.candyClean.TableroTest.setUp(Unknown Source)
</error>
  </testcase>
  <testcase classname="es.unileon.prg1.candyClean.TableroTest" name="comprobarCombinacionExcepcion4" time="0.001">
    <error message="Could not initialize class es.unileon.prg1.candyClean.Tablero" type="java.lang.NoClassDefFoundError">java.lang.NoClassDefFoundError: Could not initialize class es.unileon.prg1.candyClean.Tablero
	at es.unileon.prg1.candyClean.TableroTest.setUp(Unknown Source)
</error>
  </testcase>
  <testcase classname="es.unileon.prg1.candyClean.TableroTest" name="comprobarCombinacionExcepcion5" time="0.001">
    <error message="Could not initialize class es.unileon.prg1.candyClean.Tablero" type="java.lang.NoClassDefFoundError">java.lang.NoClassDefFoundError: Could not initialize class es.unileon.prg1.candyClean.Tablero
	at es.unileon.prg1.candyClean.TableroTest.setUp(Unknown Source)
</error>
  </testcase>
  <testcase classname="es.unileon.prg1.candyClean.TableroTest" name="comprobarCombinacionArribaIzquierda" time="0.001">
    <error message="Could not initialize class es.unileon.prg1.candyClean.Tablero" type="java.lang.NoClassDefFoundError">java.lang.NoClassDefFoundError: Could not initialize class es.unileon.prg1.candyClean.Tablero
	at es.unileon.prg1.candyClean.TableroTest.setUp(Unknown Source)
</error>
  </testcase>
  <testcase classname="es.unileon.prg1.candyClean.TableroTest" name="comprobarCombinacionArribaIzquierdaExcepcion" time="0.001">
    <error message="Could not initialize class es.unileon.prg1.candyClean.Tablero" type="java.lang.NoClassDefFoundError">java.lang.NoClassDefFoundError: Could not initialize class es.unileon.prg1.candyClean.Tablero
	at es.unileon.prg1.candyClean.TableroTest.setUp(Unknown Source)
</error>
  </testcase>
  <testcase classname="es.unileon.prg1.candyClean.TableroTest" name="comprobarCombinacionAbajoDerecha" time="0.0">
    <error message="Could not initialize class es.unileon.prg1.candyClean.Tablero" type="java.lang.NoClassDefFoundError">java.lang.NoClassDefFoundError: Could not initialize class es.unileon.prg1.candyClean.Tablero
	at es.unileon.prg1.candyClean.TableroTest.setUp(Unknown Source)
</error>
  </testcase>
  <testcase classname="es.unileon.prg1.candyClean.TableroTest" name="comprobarCombinacionAbajoDerechaExcepcion" time="0.0">
    <error message="Could not initialize class es.unileon.prg1.candyClean.Tablero" type="java.lang.NoClassDefFoundError">java.lang.NoClassDefFoundError: Could not initialize class es.unileon.prg1.candyClean.Tablero
	at es.unileon.prg1.candyClean.TableroTest.setUp(Unknown Source)
</error>
  </testcase>
  <testcase classname="es.unileon.prg1.candyClean.TableroTest" name="comprobarCombinacionArribaDerecha" time="0.0">
    <error message="Could not initialize class es.unileon.prg1.candyClean.Tablero" type="java.lang.NoClassDefFoundError">java.lang.NoClassDefFoundError: Could not initialize class es.unileon.prg1.candyClean.Tablero
	at es.unileon.prg1.candyClean.TableroTest.setUp(Unknown Source)
</error>
  </testcase>
  <testcase classname="es.unileon.prg1.candyClean.TableroTest" name="comprobarCombinacionArribaDerechaExcepcion" time="0.002">
    <error message="Could not initialize class es.unileon.prg1.candyClean.Tablero" type="java.lang.NoClassDefFoundError">java.lang.NoClassDefFoundError: Could not initialize class es.unileon.prg1.candyClean.Tablero
	at es.unileon.prg1.candyClean.TableroTest.setUp(Unknown Source)
</error>
  </testcase>
  <testcase classname="es.unileon.prg1.candyClean.TableroTest" name="comprobarCombinacionArribaDerecha1" time="0.001">
    <error message="Could not initialize class es.unileon.prg1.candyClean.Tablero" type="java.lang.NoClassDefFoundError">java.lang.NoClassDefFoundError: Could not initialize class es.unileon.prg1.candyClean.Tablero
	at es.unileon.prg1.candyClean.TableroTest.setUp(Unknown Source)
</error>
  </testcase>
  <testcase classname="es.unileon.prg1.candyClean.TableroTest" name="comprobarCombinacionArribaDerecha2" time="0.0">
    <error message="Could not initialize class es.unileon.prg1.candyClean.Tablero" type="java.lang.NoClassDefFoundError">java.lang.NoClassDefFoundError: Could not initialize class es.unileon.prg1.candyClean.Tablero
	at es.unileon.prg1.candyClean.TableroTest.setUp(Unknown Source)
</error>
  </testcase>
  <testcase classname="es.unileon.prg1.candyClean.TableroTest" name="comprobarCombinacionAbajoIzquierda" time="0.001">
    <error message="Could not initialize class es.unileon.prg1.candyClean.Tablero" type="java.lang.NoClassDefFoundError">java.lang.NoClassDefFoundError: Could not initialize class es.unileon.prg1.candyClean.Tablero
	at es.unileon.prg1.candyClean.TableroTest.setUp(Unknown Source)
</error>
  </testcase>
  <testcase classname="es.unileon.prg1.candyClean.TableroTest" name="comprobarCombinacionAbajoIzquierdaExcepcion" time="0.0">
    <error message="Could not initialize class es.unileon.prg1.candyClean.Tablero" type="java.lang.NoClassDefFoundError">java.lang.NoClassDefFoundError: Could not initialize class es.unileon.prg1.candyClean.Tablero
	at es.unileon.prg1.candyClean.TableroTest.setUp(Unknown Source)
</error>
  </testcase>
  <testcase classname="es.unileon.prg1.candyClean.TableroTest" name="comprobarCombinacionFilaMenorTam" time="0.001">
    <error message="Could not initialize class es.unileon.prg1.candyClean.Tablero" type="java.lang.NoClassDefFoundError">java.lang.NoClassDefFoundError: Could not initialize class es.unileon.prg1.candyClean.Tablero
	at es.unileon.prg1.candyClean.TableroTest.setUp(Unknown Source)
</error>
  </testcase>
  <testcase classname="es.unileon.prg1.candyClean.TableroTest" name="comprobarCombinacionFilaMenorExcepcion" time="0.001">
    <error message="Could not initialize class es.unileon.prg1.candyClean.Tablero" type="java.lang.NoClassDefFoundError">java.lang.NoClassDefFoundError: Could not initialize class es.unileon.prg1.candyClean.Tablero
	at es.unileon.prg1.candyClean.TableroTest.setUp(Unknown Source)
</error>
  </testcase>
  <testcase classname="es.unileon.prg1.candyClean.TableroTest" name="comprobarCombinacionFilaMenorExcepcion1" time="0.001">
    <error message="Could not initialize class es.unileon.prg1.candyClean.Tablero" type="java.lang.NoClassDefFoundError">java.lang.NoClassDefFoundError: Could not initialize class es.unileon.prg1.candyClean.Tablero
	at es.unileon.prg1.candyClean.TableroTest.setUp(Unknown Source)
</error>
  </testcase>
  <testcase classname="es.unileon.prg1.candyClean.TableroTest" name="comprobarCombinacionFilaMenorExcepcion2" time="0.001">
    <error message="Could not initialize class es.unileon.prg1.candyClean.Tablero" type="java.lang.NoClassDefFoundError">java.lang.NoClassDefFoundError: Could not initialize class es.unileon.prg1.candyClean.Tablero
	at es.unileon.prg1.candyClean.TableroTest.setUp(Unknown Source)
</error>
  </testcase>
  <testcase classname="es.unileon.prg1.candyClean.TableroTest" name="comprobarCombinacionFilaMenorExcepcion3" time="0.001">
    <error message="Could not initialize class es.unileon.prg1.candyClean.Tablero" type="java.lang.NoClassDefFoundError">java.lang.NoClassDefFoundError: Could not initialize class es.unileon.prg1.candyClean.Tablero
	at es.unileon.prg1.candyClean.TableroTest.setUp(Unknown Source)
</error>
  </testcase>
  <testcase classname="es.unileon.prg1.candyClean.TableroTest" name="comprobarCombinacionFilaMenorExcepcion4" time="0.001">
    <error message="Could not initialize class es.unileon.prg1.candyClean.Tablero" type="java.lang.NoClassDefFoundError">java.lang.NoClassDefFoundError: Could not initialize class es.unileon.prg1.candyClean.Tablero
	at es.unileon.prg1.candyClean.TableroTest.setUp(Unknown Source)
</error>
  </testcase>
  <testcase classname="es.unileon.prg1.candyClean.TableroTest" name="comprobarCombinacionColumnaMenorTam" time="0.001">
    <error message="Could not initialize class es.unileon.prg1.candyClean.Tablero" type="java.lang.NoClassDefFoundError">java.lang.NoClassDefFoundError: Could not initialize class es.unileon.prg1.candyClean.Tablero
	at es.unileon.prg1.candyClean.TableroTest.setUp(Unknown Source)
</error>
  </testcase>
  <testcase classname="es.unileon.prg1.candyClean.TableroTest" name="comprobarombinacionColumnaMenorTamExcepcion" time="0.001">
    <error message="Could not initialize class es.unileon.prg1.candyClean.Tablero" type="java.lang.NoClassDefFoundError">java.lang.NoClassDefFoundError: Could not initialize class es.unileon.prg1.candyClean.Tablero
	at es.unileon.prg1.candyClean.TableroTest.setUp(Unknown Source)
</error>
  </testcase>
  <testcase classname="es.unileon.prg1.candyClean.TableroTest" name="comprobarombinacionColumnaMenorTamExcepcion1" time="0.001">
    <error message="Could not initialize class es.unileon.prg1.candyClean.Tablero" type="java.lang.NoClassDefFoundError">java.lang.NoClassDefFoundError: Could not initialize class es.unileon.prg1.candyClean.Tablero
	at es.unileon.prg1.candyClean.TableroTest.setUp(Unknown Source)
</error>
  </testcase>
  <testcase classname="es.unileon.prg1.candyClean.TableroTest" name="comprobarombinacionColumnaMenorTamExcepcion2" time="0.001">
    <error message="Could not initialize class es.unileon.prg1.candyClean.Tablero" type="java.lang.NoClassDefFoundError">java.lang.NoClassDefFoundError: Could not initialize class es.unileon.prg1.candyClean.Tablero
	at es.unileon.prg1.candyClean.TableroTest.setUp(Unknown Source)
</error>
  </testcase>
  <testcase classname="es.unileon.prg1.candyClean.TableroTest" name="comprobarombinacionColumnaMenorTamExcepcion3" time="0.001">
    <error message="Could not initialize class es.unileon.prg1.candyClean.Tablero" type="java.lang.NoClassDefFoundError">java.lang.NoClassDefFoundError: Could not initialize class es.unileon.prg1.candyClean.Tablero
	at es.unileon.prg1.candyClean.TableroTest.setUp(Unknown Source)
</error>
  </testcase>
  <testcase classname="es.unileon.prg1.candyClean.TableroTest" name="comprobarombinacionColumnaMenorTamExcepcion4" time="0.001">
    <error message="Could not initialize class es.unileon.prg1.candyClean.Tablero" type="java.lang.NoClassDefFoundError">java.lang.NoClassDefFoundError: Could not initialize class es.unileon.prg1.candyClean.Tablero
	at es.unileon.prg1.candyClean.TableroTest.setUp(Unknown Source)
</error>
  </testcase>
  <testcase classname="es.unileon.prg1.candyClean.TableroTest" name="convertirNegroTest" time="0.0">
    <error message="Could not initialize class es.unileon.prg1.candyClean.Tablero" type="java.lang.NoClassDefFoundError">java.lang.NoClassDefFoundError: Could not initialize class es.unileon.prg1.candyClean.Tablero
	at es.unileon.prg1.candyClean.TableroTest.setUp(Unknown Source)
</error>
  </testcase>
  <testcase classname="es.unileon.prg1.candyClean.TableroTest" name="bajarFilaTest" time="0.0">
    <error message="Could not initialize class es.unileon.prg1.candyClean.Tablero" type="java.lang.NoClassDefFoundError">java.lang.NoClassDefFoundError: Could not initialize class es.unileon.prg1.candyClean.Tablero
	at es.unileon.prg1.candyClean.TableroTest.setUp(Unknown Source)
</error>
  </testcase>
  <testcase classname="es.unileon.prg1.candyClean.TableroTest" name="comprobarTableroVacioTest" time="0.0">
    <error message="Could not initialize class es.unileon.prg1.candyClean.Tablero" type="java.lang.NoClassDefFoundError">java.lang.NoClassDefFoundError: Could not initialize class es.unileon.prg1.candyClean.Tablero
	at es.unileon.prg1.candyClean.TableroTest.setUp(Unknown Source)
</error>
  </testcase>
  <testcase classname="es.unileon.prg1.candyClean.TableroTest" name="comprobarTableroVacioTest1" time="0.0">
    <error message="Could not initialize class es.unileon.prg1.candyClean.Tablero" type="java.lang.NoClassDefFoundError">java.lang.NoClassDefFoundError: Could not initialize class es.unileon.prg1.candyClean.Tablero
	at es.unileon.prg1.candyClean.TableroTest.setUp(Unknown Source)
</error>
  </testcase>
  <testcase classname="es.unileon.prg1.candyClean.ColorTest" name="testGetColor" time="0.001" />
  <testcase classname="es.unileon.prg1.candyClean.ColorTest" name="testAnotherColor" time="0.0" />
  <testcase classname="es.unileon.prg1.candyClean.ColorTest" name="testEquals" time="0.0" />
  <testcase classname="es.unileon.prg1.candyClean.ColorTest" name="testToStringContent" time="0.001" />
  <testcase classname="es.unileon.prg1.candyClean.ColorTest" name="testToString" time="0.0" />
  <testcase classname="es.unileon.prg1.candyClean.CasillaTest" name="testGetColor" time="0.0" />
  <testcase classname="es.unileon.prg1.candyClean.CasillaTest" name="testToString" time="0.0" />
  <testcase classname="es.unileon.prg1.candyClean.CasillaTest" name="testSetColor" time="0.001" />
  <testcase classname="es.unileon.prg1.candyClean.CasillaTest" name="testIsEmpty" time="0.001" />
  <testcase classname="es.unileon.prg1.candyClean.CasillaTest" name="testSetEmpty" time="0.0" />
  <system-out><![CDATA[]]></system-out>
  <system-err><![CDATA[]]></system-err>
</testsuite>
